#
# There is insufficient memory for the Java Runtime Environment to continue.
# Native memory allocation (mmap) failed to map 536870912 bytes for Failed to commit area from 0x0000000600c00000 to 0x0000000620c00000 of length 536870912.
# Possible reasons:
#   The system is out of physical RAM or swap space
#   The process is running with CompressedOops enabled, and the Java Heap may be blocking the growth of the native heap
# Possible solutions:
#   Reduce memory load on the system
#   Increase physical memory or swap space
#   Check if swap backing store is full
#   Decrease Java heap size (-Xmx/-Xms)
#   Decrease number of Java threads
#   Decrease Java thread stack sizes (-Xss)
#   Set larger code cache with -XX:ReservedCodeCacheSize=
# This output file may be truncated or incomplete.
#
#  Out of Memory Error (src/hotspot/os/windows/os_windows.cpp:3627), pid=55576, tid=51788
#
# JRE version:  (11.0.15+10) (build )
# Java VM: OpenJDK 64-Bit Server VM (11.0.15+10-b2043.56, mixed mode, sharing, tiered, compressed oops, g1 gc, windows-amd64)
# No core dump will be written. Minidumps are not enabled by default on client versions of Windows
#

---------------  S U M M A R Y ------------

Command Line: git4idea.http.GitAskPassApp Username for 'https://github.com': 

Host: AMD Ryzen 7 3700X 8-Core Processor             , 16 cores, 31G,  Windows 10 , 64 bit Build 19041 (10.0.19041.1806)
Time: Sat Jul 30 00:09:48 2022 W. Europe Daylight Time elapsed time: 0.012362 seconds (0d 0h 0m 0s)

---------------  T H R E A D  ---------------

Current thread (0x0000017efa07a800):  JavaThread "Unknown thread" [_thread_in_vm, id=51788, stack(0x000000141a700000,0x000000141a800000)]

Stack: [0x000000141a700000,0x000000141a800000]
Native frames: (J=compiled Java code, j=interpreted, Vv=VM code, C=native code)
V  [jvm.dll+0x61612a]
V  [jvm.dll+0x79c450]
V  [jvm.dll+0x79da6d]
V  [jvm.dll+0x79e143]
V  [jvm.dll+0x24cc18]
V  [jvm.dll+0x613174]
V  [jvm.dll+0x607e55]
V  [jvm.dll+0x30b1cb]
V  [jvm.dll+0x30b13a]
V  [jvm.dll+0x30b012]
V  [jvm.dll+0x30ff76]
V  [jvm.dll+0x35b4c3]
V  [jvm.dll+0x35bbc6]
V  [jvm.dll+0x35b5c3]
V  [jvm.dll+0x2e5918]
V  [jvm.dll+0x2e6ab7]
V  [jvm.dll+0x7794f7]
V  [jvm.dll+0x77acec]
V  [jvm.dll+0x368a59]
V  [jvm.dll+0x75ce8e]
V  [jvm.dll+0x3d6a33]
V  [jvm.dll+0x3d9001]
C  [jli.dll+0x536b]
C  [ucrtbase.dll+0x21bb2]
C  [KERNEL32.DLL+0x17034]
C  [ntdll.dll+0x52651]


---------------  P R O C E S S  ---------------

Threads class SMR info:
_java_thread_list=0x0000017ef7c45360, length=0, elements={
}

Java Threads: ( => current thread )

Other Threads:
  0x0000017ef7c1f800 GCTaskThread "GC Thread#0" [stack: 0x000000141a800000,0x000000141a900000] [id=53720]
  0x0000017efa0e5000 ConcurrentGCThread "G1 Main Marker" [stack: 0x000000141a900000,0x000000141aa00000] [id=39280]
  0x0000017efa0e6000 ConcurrentGCThread "G1 Conc#0" [stack: 0x000000141aa00000,0x000000141ab00000] [id=38796]

[error occurred during error reporting (printing all threads), id 0xc0000005, EXCEPTION_ACCESS_VIOLATION (0xc0000005) at pc=0x00007ffcc52f6017]

VM state:not at safepoint (not fully initialized)

VM Mutex/Monitor currently owned by a thread:  ([mutex/lock_event])
[0x0000017efa0755d0] Heap_lock - owner thread: 0x0000017efa07a800

Heap address: 0x0000000600c00000, size: 8180 MB, Compressed Oops mode: Non-zero based: 0x0000000600c00000
Narrow klass base: 0x0000000000000000, Narrow klass shift: 0

GC Heap History (0 events):
No events

Deoptimization events (0 events):
No events

Classes redefined (0 events):
No events

Internal exceptions (0 events):
No events

Events (1 events):
Event: 0.008 Loaded shared library C:\Program Files\JetBrains\PyCharm Community Edition 2022.1.2\jbr\bin\zip.dll


Dynamic libraries:
0x00007ff69f990000 - 0x00007ff69f99a000 	C:\Program Files\JetBrains\PyCharm Community Edition 2022.1.2\jbr\bin\java.exe
0x00007ffd3a350000 - 0x00007ffd3a548000 	C:\WINDOWS\SYSTEM32\ntdll.dll
0x00007ffd38ca0000 - 0x00007ffd38d5d000 	C:\WINDOWS\System32\KERNEL32.DLL
0x00007ffd37f80000 - 0x00007ffd3824e000 	C:\WINDOWS\System32\KERNELBASE.dll
0x00007ffd38280000 - 0x00007ffd38380000 	C:\WINDOWS\System32\ucrtbase.dll
0x00007ffd066f0000 - 0x00007ffd06709000 	C:\Program Files\JetBrains\PyCharm Community Edition 2022.1.2\jbr\bin\jli.dll
0x00007ffd11060000 - 0x00007ffd11076000 	C:\Program Files\JetBrains\PyCharm Community Edition 2022.1.2\jbr\bin\VCRUNTIME140.dll
0x00007ffd38d90000 - 0x00007ffd38f30000 	C:\WINDOWS\System32\USER32.dll
0x00007ffd38250000 - 0x00007ffd38272000 	C:\WINDOWS\System32\win32u.dll
0x00007ffd1ec20000 - 0x00007ffd1eeba000 	C:\WINDOWS\WinSxS\amd64_microsoft.windows.common-controls_6595b64144ccf1df_6.0.19041.1110_none_60b5254171f9507e\COMCTL32.dll
0x00007ffd38f30000 - 0x00007ffd38fce000 	C:\WINDOWS\System32\msvcrt.dll
0x00007ffd39210000 - 0x00007ffd3923a000 	C:\WINDOWS\System32\GDI32.dll
0x00007ffd37be0000 - 0x00007ffd37ceb000 	C:\WINDOWS\System32\gdi32full.dll
0x00007ffd37a40000 - 0x00007ffd37add000 	C:\WINDOWS\System32\msvcp_win.dll
0x00007ffd39310000 - 0x00007ffd39340000 	C:\WINDOWS\System32\IMM32.DLL
0x00007ffd377c0000 - 0x00007ffd37848000 	C:\Windows\system32\CcavGuard64.dll
0x00007ffd3a230000 - 0x00007ffd3a2de000 	C:\WINDOWS\System32\ADVAPI32.dll
0x00007ffd38c00000 - 0x00007ffd38c9c000 	C:\WINDOWS\System32\sechost.dll
0x00007ffd39780000 - 0x00007ffd398a5000 	C:\WINDOWS\System32\RPCRT4.dll
0x00007ffd376e0000 - 0x00007ffd376eb000 	C:\WINDOWS\SYSTEM32\FLTLIB.DLL
0x00007ffd04750000 - 0x00007ffd047fa000 	C:\Program Files\JetBrains\PyCharm Community Edition 2022.1.2\jbr\bin\msvcp140.dll
0x00007ffcc5000000 - 0x00007ffcc5b7b000 	C:\Program Files\JetBrains\PyCharm Community Edition 2022.1.2\jbr\bin\server\jvm.dll
0x00007ffd38d60000 - 0x00007ffd38d68000 	C:\WINDOWS\System32\PSAPI.DLL
0x00007ffd21450000 - 0x00007ffd21459000 	C:\WINDOWS\SYSTEM32\WSOCK32.dll
0x00007ffd398b0000 - 0x00007ffd3991b000 	C:\WINDOWS\System32\WS2_32.dll
0x00007ffd2a910000 - 0x00007ffd2a937000 	C:\WINDOWS\SYSTEM32\WINMM.dll
0x00007ffd321a0000 - 0x00007ffd321aa000 	C:\WINDOWS\SYSTEM32\VERSION.dll
0x00007ffd358c0000 - 0x00007ffd358d2000 	C:\WINDOWS\SYSTEM32\kernel.appcore.dll
0x00007ffd33570000 - 0x00007ffd33581000 	C:\Program Files\JetBrains\PyCharm Community Edition 2022.1.2\jbr\bin\verify.dll
0x00007ffd313e0000 - 0x00007ffd315c4000 	C:\WINDOWS\SYSTEM32\DBGHELP.DLL
0x00007ffd310f0000 - 0x00007ffd3111c000 	C:\WINDOWS\SYSTEM32\dbgcore.DLL
0x00007ffd37cf0000 - 0x00007ffd37d72000 	C:\WINDOWS\System32\bcryptPrimitives.dll
0x00007ffd2a020000 - 0x00007ffd2a049000 	C:\Program Files\JetBrains\PyCharm Community Edition 2022.1.2\jbr\bin\java.dll
0x00007ffd35120000 - 0x00007ffd3512b000 	C:\Program Files\JetBrains\PyCharm Community Edition 2022.1.2\jbr\bin\jimage.dll
0x00007ffd30610000 - 0x00007ffd30629000 	C:\Program Files\JetBrains\PyCharm Community Edition 2022.1.2\jbr\bin\zip.dll

dbghelp: loaded successfully - version: 4.0.5 - missing functions: none
symbol engine: initialized successfully - sym options: 0x614 - pdb path: .;C:\Program Files\JetBrains\PyCharm Community Edition 2022.1.2\jbr\bin;C:\WINDOWS\SYSTEM32;C:\WINDOWS\WinSxS\amd64_microsoft.windows.common-controls_6595b64144ccf1df_6.0.19041.1110_none_60b5254171f9507e;C:\Program Files\JetBrains\PyCharm Community Edition 2022.1.2\jbr\bin\server

VM Arguments:
java_command: git4idea.http.GitAskPassApp Username for 'https://github.com': 
java_class_path (initial): C:/Program Files/JetBrains/PyCharm Community Edition 2022.1.2/plugins/git4idea/lib/git4idea-rt.jar;C:/Program Files/JetBrains/PyCharm Community Edition 2022.1.2/lib/externalProcess-rt.jar;C:/Program Files/JetBrains/PyCharm Community Edition 2022.1.2/lib/app.jar;C:/Program Files/JetBrains/PyCharm Community Edition 2022.1.2/lib/3rd-party-rt.jar
Launcher Type: SUN_STANDARD

[Global flags]
     intx CICompilerCount                          = 12                                        {product} {ergonomic}
     uint ConcGCThreads                            = 3                                         {product} {ergonomic}
     uint G1ConcRefinementThreads                  = 13                                        {product} {ergonomic}
   size_t G1HeapRegionSize                         = 2097152                                   {product} {ergonomic}
    uintx GCDrainStackTargetSize                   = 64                                        {product} {ergonomic}
   size_t InitialHeapSize                          = 536870912                                 {product} {ergonomic}
   size_t MarkStackSize                            = 4194304                                   {product} {ergonomic}
   size_t MaxHeapSize                              = 8577351680                                {product} {ergonomic}
   size_t MinHeapDeltaBytes                        = 2097152                                   {product} {ergonomic}
    uintx NonNMethodCodeHeapSize                   = 7594288                                {pd product} {ergonomic}
    uintx NonProfiledCodeHeapSize                  = 122031976                              {pd product} {ergonomic}
    uintx ProfiledCodeHeapSize                     = 122031976                              {pd product} {ergonomic}
    uintx ReservedCodeCacheSize                    = 251658240                              {pd product} {ergonomic}
     bool SegmentedCodeCache                       = true                                      {product} {ergonomic}
     bool UseCompressedClassPointers               = true                                 {lp64_product} {ergonomic}
     bool UseCompressedOops                        = true                                 {lp64_product} {ergonomic}
     bool UseG1GC                                  = true                                      {product} {ergonomic}
     bool UseLargePagesIndividualAllocation        = false                                  {pd product} {ergonomic}

Logging:
Log output configuration:
 #0: stdout all=warning uptime,level,tags
 #1: stderr all=off uptime,level,tags

Environment Variables:
PATH=C:/Program Files/Git/mingw64/libexec/git-core;C:/Program Files/Git/mingw64/libexec/git-core;C:\Program Files\Git\mingw64\bin;C:\Program Files\Git\usr\bin;C:\Users\kot\bin;C:\Users\kot\OneDrive\Documents\GitHub\SkillFactory-DTS\venv\Scripts;C:\WINDOWS\system32;C:\WINDOWS;C:\WINDOWS\System32\Wbem;C:\WINDOWS\System32\WindowsPowerShell\v1.0\;C:\WINDOWS\System32\OpenSSH\;C:\Program Files\PuTTY\;C:\Program Files (x86)\NVIDIA Corporation\PhysX\Common;C:\Program Files\NVIDIA Corporation\NVIDIA NvDLISR;C:\Program Files\Git\cmd;C:\Users\kot\AppData\Local\Microsoft\WindowsApps;C:\Users\kot\AppData\Local\GitHubDesktop\bin
USERNAME=kot
DISPLAY=:0.0
LC_ALL=en_US.UTF-8
OS=Windows_NT
PROCESSOR_IDENTIFIER=AMD64 Family 23 Model 113 Stepping 0, AuthenticAMD



---------------  S Y S T E M  ---------------

OS: Windows 10 , 64 bit Build 19041 (10.0.19041.1806)
OS uptime: 15 days 23:36 hours

CPU:total 16 (initial active 16) (16 cores per cpu, 2 threads per core) family 23 model 113 stepping 0 microcode 0x0, cmov, cx8, fxsr, mmx, sse, sse2, sse3, ssse3, sse4.1, sse4.2, popcnt, avx, avx2, aes, clmul, mmxext, 3dnowpref, lzcnt, sse4a, ht, tsc, tscinvbit, tscinv, bmi1, bmi2, adx, sha, fma

Memory: 4k page, system-wide physical 32716M (10522M free)
TotalPageFile size 56459M (AvailPageFile size 171M)
current process WorkingSet (physical memory assigned to process): 15M, peak: 15M
current process commit charge ("private bytes"): 76M, peak: 585M

vm_info: OpenJDK 64-Bit Server VM (11.0.15+10-b2043.56) for windows-amd64 JRE (11.0.15+10-b2043.56), built on May 16 2022 02:28:12 by "" with MS VC++ 14.0 (VS2015)

END.
